08-Jan-2020 04:08:42.095 INFO [main] org.apache.catalina.startup.VersionLoggerListener.log Server version name:   Apache Tomcat/8.5.50
08-Jan-2020 04:08:42.097 INFO [main] org.apache.catalina.startup.VersionLoggerListener.log Server built:          Dec 7 2019 19:19:46 UTC
08-Jan-2020 04:08:42.097 INFO [main] org.apache.catalina.startup.VersionLoggerListener.log Server version number: 8.5.50.0
08-Jan-2020 04:08:42.097 INFO [main] org.apache.catalina.startup.VersionLoggerListener.log OS Name:               Linux
08-Jan-2020 04:08:42.097 INFO [main] org.apache.catalina.startup.VersionLoggerListener.log OS Version:            4.9.184-linuxkit
08-Jan-2020 04:08:42.097 INFO [main] org.apache.catalina.startup.VersionLoggerListener.log Architecture:          amd64
08-Jan-2020 04:08:42.097 INFO [main] org.apache.catalina.startup.VersionLoggerListener.log Java Home:             /usr/local/openjdk-8/jre
08-Jan-2020 04:08:42.097 INFO [main] org.apache.catalina.startup.VersionLoggerListener.log JVM Version:           1.8.0_232-b09
08-Jan-2020 04:08:42.097 INFO [main] org.apache.catalina.startup.VersionLoggerListener.log JVM Vendor:            Oracle Corporation
08-Jan-2020 04:08:42.097 INFO [main] org.apache.catalina.startup.VersionLoggerListener.log CATALINA_BASE:         /usr/local/tomcat
08-Jan-2020 04:08:42.097 INFO [main] org.apache.catalina.startup.VersionLoggerListener.log CATALINA_HOME:         /usr/local/tomcat
08-Jan-2020 04:08:42.097 INFO [main] org.apache.catalina.startup.VersionLoggerListener.log Command line argument: -Djava.util.logging.config.file=/usr/local/tomcat/conf/logging.properties
08-Jan-2020 04:08:42.098 INFO [main] org.apache.catalina.startup.VersionLoggerListener.log Command line argument: -Djava.util.logging.manager=org.apache.juli.ClassLoaderLogManager
08-Jan-2020 04:08:42.098 INFO [main] org.apache.catalina.startup.VersionLoggerListener.log Command line argument: -Djdk.tls.ephemeralDHKeySize=2048
08-Jan-2020 04:08:42.098 INFO [main] org.apache.catalina.startup.VersionLoggerListener.log Command line argument: -Djava.protocol.handler.pkgs=org.apache.catalina.webresources
08-Jan-2020 04:08:42.098 INFO [main] org.apache.catalina.startup.VersionLoggerListener.log Command line argument: -Dorg.apache.catalina.security.SecurityListener.UMASK=0027
08-Jan-2020 04:08:42.098 INFO [main] org.apache.catalina.startup.VersionLoggerListener.log Command line argument: -Dignore.endorsed.dirs=
08-Jan-2020 04:08:42.098 INFO [main] org.apache.catalina.startup.VersionLoggerListener.log Command line argument: -Dcatalina.base=/usr/local/tomcat
08-Jan-2020 04:08:42.098 INFO [main] org.apache.catalina.startup.VersionLoggerListener.log Command line argument: -Dcatalina.home=/usr/local/tomcat
08-Jan-2020 04:08:42.098 INFO [main] org.apache.catalina.startup.VersionLoggerListener.log Command line argument: -Djava.io.tmpdir=/usr/local/tomcat/temp
08-Jan-2020 04:08:42.098 INFO [main] org.apache.catalina.core.AprLifecycleListener.lifecycleEvent Loaded APR based Apache Tomcat Native library [1.2.23] using APR version [1.5.2].
08-Jan-2020 04:08:42.098 INFO [main] org.apache.catalina.core.AprLifecycleListener.lifecycleEvent APR capabilities: IPv6 [true], sendfile [true], accept filters [false], random [true].
08-Jan-2020 04:08:42.098 INFO [main] org.apache.catalina.core.AprLifecycleListener.lifecycleEvent APR/OpenSSL configuration: useAprConnector [false], useOpenSSL [true]
08-Jan-2020 04:08:42.101 INFO [main] org.apache.catalina.core.AprLifecycleListener.initializeSSL OpenSSL successfully initialized [OpenSSL 1.1.0l  10 Sep 2019]
08-Jan-2020 04:08:42.167 INFO [main] org.apache.coyote.AbstractProtocol.init Initializing ProtocolHandler ["http-nio-8080"]
08-Jan-2020 04:08:42.173 INFO [main] org.apache.tomcat.util.net.NioSelectorPool.getSharedSelector Using a shared selector for servlet write/read
08-Jan-2020 04:08:42.184 INFO [main] org.apache.coyote.AbstractProtocol.init Initializing ProtocolHandler ["ajp-nio-8009"]
08-Jan-2020 04:08:42.185 INFO [main] org.apache.tomcat.util.net.NioSelectorPool.getSharedSelector Using a shared selector for servlet write/read
08-Jan-2020 04:08:42.185 INFO [main] org.apache.catalina.startup.Catalina.load Initialization processed in 359 ms
08-Jan-2020 04:08:42.210 INFO [main] org.apache.catalina.core.StandardService.startInternal Starting service [Catalina]
08-Jan-2020 04:08:42.210 INFO [main] org.apache.catalina.core.StandardEngine.startInternal Starting Servlet Engine: Apache Tomcat/8.5.50
08-Jan-2020 04:08:42.240 INFO [localhost-startStop-1] org.apache.catalina.startup.HostConfig.deployWAR Deploying web application archive [/usr/local/tomcat/webapps/mall-1.0-SNAPSHOT.war]
08-Jan-2020 04:08:54.493 INFO [localhost-startStop-1] org.apache.catalina.startup.HostConfig.deployWAR Deployment of web application archive [/usr/local/tomcat/webapps/mall-1.0-SNAPSHOT.war] has finished in [12,253] ms
08-Jan-2020 04:08:54.503 INFO [main] org.apache.coyote.AbstractProtocol.start Starting ProtocolHandler ["http-nio-8080"]
08-Jan-2020 04:08:54.509 INFO [main] org.apache.coyote.AbstractProtocol.start Starting ProtocolHandler ["ajp-nio-8009"]
08-Jan-2020 04:08:54.510 INFO [main] org.apache.catalina.startup.Catalina.start Server startup in 12324 ms
08-Jan-2020 04:55:23.581 INFO [Thread-7] org.apache.coyote.AbstractProtocol.pause Pausing ProtocolHandler ["http-nio-8080"]
08-Jan-2020 04:55:23.587 INFO [Thread-7] org.apache.coyote.AbstractProtocol.pause Pausing ProtocolHandler ["ajp-nio-8009"]
08-Jan-2020 04:55:23.587 INFO [Thread-7] org.apache.catalina.core.StandardService.stopInternal Stopping service [Catalina]
08-Jan-2020 04:55:23.704 WARNING [localhost-startStop-2] org.apache.catalina.loader.WebappClassLoaderBase.clearReferencesJdbc The web application [mall-1.0-SNAPSHOT] registered the JDBC driver [com.alibaba.druid.proxy.DruidDriver] but failed to unregister it when the web application was stopped. To prevent a memory leak, the JDBC Driver has been forcibly unregistered.
08-Jan-2020 04:55:23.704 WARNING [localhost-startStop-2] org.apache.catalina.loader.WebappClassLoaderBase.clearReferencesJdbc The web application [mall-1.0-SNAPSHOT] registered the JDBC driver [com.mysql.jdbc.Driver] but failed to unregister it when the web application was stopped. To prevent a memory leak, the JDBC Driver has been forcibly unregistered.
08-Jan-2020 04:55:23.705 WARNING [localhost-startStop-2] org.apache.catalina.loader.WebappClassLoaderBase.clearReferencesThreads The web application [mall-1.0-SNAPSHOT] appears to have started a thread named [Abandoned connection cleanup thread] but has failed to stop it. This is very likely to create a memory leak. Stack trace of thread:
 java.lang.Object.wait(Native Method)
 java.lang.ref.ReferenceQueue.remove(ReferenceQueue.java:144)
 com.mysql.jdbc.AbandonedConnectionCleanupThread.run(AbandonedConnectionCleanupThread.java:64)
 java.util.concurrent.ThreadPoolExecutor.runWorker(ThreadPoolExecutor.java:1149)
 java.util.concurrent.ThreadPoolExecutor$Worker.run(ThreadPoolExecutor.java:624)
 java.lang.Thread.run(Thread.java:748)
08-Jan-2020 04:55:23.720 INFO [Thread-7] org.apache.coyote.AbstractProtocol.stop Stopping ProtocolHandler ["http-nio-8080"]
08-Jan-2020 04:55:23.722 INFO [Thread-7] org.apache.coyote.AbstractProtocol.stop Stopping ProtocolHandler ["ajp-nio-8009"]
08-Jan-2020 04:55:23.723 INFO [Thread-7] org.apache.coyote.AbstractProtocol.destroy Destroying ProtocolHandler ["http-nio-8080"]
08-Jan-2020 04:55:23.724 INFO [Thread-7] org.apache.coyote.AbstractProtocol.destroy Destroying ProtocolHandler ["ajp-nio-8009"]
08-Jan-2020 05:40:39.266 INFO [main] org.apache.catalina.startup.VersionLoggerListener.log Server version name:   Apache Tomcat/8.5.50
08-Jan-2020 05:40:39.268 INFO [main] org.apache.catalina.startup.VersionLoggerListener.log Server built:          Dec 7 2019 19:19:46 UTC
08-Jan-2020 05:40:39.268 INFO [main] org.apache.catalina.startup.VersionLoggerListener.log Server version number: 8.5.50.0
08-Jan-2020 05:40:39.269 INFO [main] org.apache.catalina.startup.VersionLoggerListener.log OS Name:               Linux
08-Jan-2020 05:40:39.269 INFO [main] org.apache.catalina.startup.VersionLoggerListener.log OS Version:            4.9.184-linuxkit
08-Jan-2020 05:40:39.269 INFO [main] org.apache.catalina.startup.VersionLoggerListener.log Architecture:          amd64
08-Jan-2020 05:40:39.269 INFO [main] org.apache.catalina.startup.VersionLoggerListener.log Java Home:             /usr/local/openjdk-8/jre
08-Jan-2020 05:40:39.269 INFO [main] org.apache.catalina.startup.VersionLoggerListener.log JVM Version:           1.8.0_232-b09
08-Jan-2020 05:40:39.269 INFO [main] org.apache.catalina.startup.VersionLoggerListener.log JVM Vendor:            Oracle Corporation
08-Jan-2020 05:40:39.269 INFO [main] org.apache.catalina.startup.VersionLoggerListener.log CATALINA_BASE:         /usr/local/tomcat
08-Jan-2020 05:40:39.270 INFO [main] org.apache.catalina.startup.VersionLoggerListener.log CATALINA_HOME:         /usr/local/tomcat
08-Jan-2020 05:40:39.270 INFO [main] org.apache.catalina.startup.VersionLoggerListener.log Command line argument: -Djava.util.logging.config.file=/usr/local/tomcat/conf/logging.properties
08-Jan-2020 05:40:39.270 INFO [main] org.apache.catalina.startup.VersionLoggerListener.log Command line argument: -Djava.util.logging.manager=org.apache.juli.ClassLoaderLogManager
08-Jan-2020 05:40:39.271 INFO [main] org.apache.catalina.startup.VersionLoggerListener.log Command line argument: -Djdk.tls.ephemeralDHKeySize=2048
08-Jan-2020 05:40:39.271 INFO [main] org.apache.catalina.startup.VersionLoggerListener.log Command line argument: -Djava.protocol.handler.pkgs=org.apache.catalina.webresources
08-Jan-2020 05:40:39.271 INFO [main] org.apache.catalina.startup.VersionLoggerListener.log Command line argument: -Dorg.apache.catalina.security.SecurityListener.UMASK=0027
08-Jan-2020 05:40:39.271 INFO [main] org.apache.catalina.startup.VersionLoggerListener.log Command line argument: -Dignore.endorsed.dirs=
08-Jan-2020 05:40:39.271 INFO [main] org.apache.catalina.startup.VersionLoggerListener.log Command line argument: -Dcatalina.base=/usr/local/tomcat
08-Jan-2020 05:40:39.271 INFO [main] org.apache.catalina.startup.VersionLoggerListener.log Command line argument: -Dcatalina.home=/usr/local/tomcat
08-Jan-2020 05:40:39.272 INFO [main] org.apache.catalina.startup.VersionLoggerListener.log Command line argument: -Djava.io.tmpdir=/usr/local/tomcat/temp
08-Jan-2020 05:40:39.272 INFO [main] org.apache.catalina.core.AprLifecycleListener.lifecycleEvent Loaded APR based Apache Tomcat Native library [1.2.23] using APR version [1.5.2].
08-Jan-2020 05:40:39.272 INFO [main] org.apache.catalina.core.AprLifecycleListener.lifecycleEvent APR capabilities: IPv6 [true], sendfile [true], accept filters [false], random [true].
08-Jan-2020 05:40:39.272 INFO [main] org.apache.catalina.core.AprLifecycleListener.lifecycleEvent APR/OpenSSL configuration: useAprConnector [false], useOpenSSL [true]
08-Jan-2020 05:40:39.275 INFO [main] org.apache.catalina.core.AprLifecycleListener.initializeSSL OpenSSL successfully initialized [OpenSSL 1.1.0l  10 Sep 2019]
08-Jan-2020 05:40:39.333 INFO [main] org.apache.coyote.AbstractProtocol.init Initializing ProtocolHandler ["http-nio-8080"]
08-Jan-2020 05:40:39.340 INFO [main] org.apache.tomcat.util.net.NioSelectorPool.getSharedSelector Using a shared selector for servlet write/read
08-Jan-2020 05:40:39.355 INFO [main] org.apache.coyote.AbstractProtocol.init Initializing ProtocolHandler ["ajp-nio-8009"]
08-Jan-2020 05:40:39.356 INFO [main] org.apache.tomcat.util.net.NioSelectorPool.getSharedSelector Using a shared selector for servlet write/read
08-Jan-2020 05:40:39.357 INFO [main] org.apache.catalina.startup.Catalina.load Initialization processed in 358 ms
08-Jan-2020 05:40:39.371 INFO [main] org.apache.catalina.core.StandardService.startInternal Starting service [Catalina]
08-Jan-2020 05:40:39.372 INFO [main] org.apache.catalina.core.StandardEngine.startInternal Starting Servlet Engine: Apache Tomcat/8.5.50
08-Jan-2020 05:40:39.398 INFO [localhost-startStop-1] org.apache.catalina.startup.HostConfig.deployWAR Deploying web application archive [/usr/local/tomcat/webapps/mall-1.0-SNAPSHOT.war]
08-Jan-2020 05:40:51.635 INFO [localhost-startStop-1] org.apache.catalina.startup.HostConfig.deployWAR Deployment of web application archive [/usr/local/tomcat/webapps/mall-1.0-SNAPSHOT.war] has finished in [12,237] ms
08-Jan-2020 05:40:51.643 INFO [main] org.apache.coyote.AbstractProtocol.start Starting ProtocolHandler ["http-nio-8080"]
08-Jan-2020 05:40:51.652 INFO [main] org.apache.coyote.AbstractProtocol.start Starting ProtocolHandler ["ajp-nio-8009"]
08-Jan-2020 05:40:51.654 INFO [main] org.apache.catalina.startup.Catalina.start Server startup in 12297 ms
08-Jan-2020 11:19:56.497 INFO [main] org.apache.catalina.startup.VersionLoggerListener.log Server version name:   Apache Tomcat/8.5.50
08-Jan-2020 11:19:56.499 INFO [main] org.apache.catalina.startup.VersionLoggerListener.log Server built:          Dec 7 2019 19:19:46 UTC
08-Jan-2020 11:19:56.499 INFO [main] org.apache.catalina.startup.VersionLoggerListener.log Server version number: 8.5.50.0
08-Jan-2020 11:19:56.500 INFO [main] org.apache.catalina.startup.VersionLoggerListener.log OS Name:               Linux
08-Jan-2020 11:19:56.500 INFO [main] org.apache.catalina.startup.VersionLoggerListener.log OS Version:            4.9.184-linuxkit
08-Jan-2020 11:19:56.500 INFO [main] org.apache.catalina.startup.VersionLoggerListener.log Architecture:          amd64
08-Jan-2020 11:19:56.500 INFO [main] org.apache.catalina.startup.VersionLoggerListener.log Java Home:             /usr/local/openjdk-8/jre
08-Jan-2020 11:19:56.500 INFO [main] org.apache.catalina.startup.VersionLoggerListener.log JVM Version:           1.8.0_232-b09
08-Jan-2020 11:19:56.500 INFO [main] org.apache.catalina.startup.VersionLoggerListener.log JVM Vendor:            Oracle Corporation
08-Jan-2020 11:19:56.500 INFO [main] org.apache.catalina.startup.VersionLoggerListener.log CATALINA_BASE:         /usr/local/tomcat
08-Jan-2020 11:19:56.500 INFO [main] org.apache.catalina.startup.VersionLoggerListener.log CATALINA_HOME:         /usr/local/tomcat
08-Jan-2020 11:19:56.500 INFO [main] org.apache.catalina.startup.VersionLoggerListener.log Command line argument: -Djava.util.logging.config.file=/usr/local/tomcat/conf/logging.properties
08-Jan-2020 11:19:56.501 INFO [main] org.apache.catalina.startup.VersionLoggerListener.log Command line argument: -Djava.util.logging.manager=org.apache.juli.ClassLoaderLogManager
08-Jan-2020 11:19:56.501 INFO [main] org.apache.catalina.startup.VersionLoggerListener.log Command line argument: -Djdk.tls.ephemeralDHKeySize=2048
08-Jan-2020 11:19:56.501 INFO [main] org.apache.catalina.startup.VersionLoggerListener.log Command line argument: -Djava.protocol.handler.pkgs=org.apache.catalina.webresources
08-Jan-2020 11:19:56.501 INFO [main] org.apache.catalina.startup.VersionLoggerListener.log Command line argument: -Dorg.apache.catalina.security.SecurityListener.UMASK=0027
08-Jan-2020 11:19:56.501 INFO [main] org.apache.catalina.startup.VersionLoggerListener.log Command line argument: -Dignore.endorsed.dirs=
08-Jan-2020 11:19:56.501 INFO [main] org.apache.catalina.startup.VersionLoggerListener.log Command line argument: -Dcatalina.base=/usr/local/tomcat
08-Jan-2020 11:19:56.501 INFO [main] org.apache.catalina.startup.VersionLoggerListener.log Command line argument: -Dcatalina.home=/usr/local/tomcat
08-Jan-2020 11:19:56.501 INFO [main] org.apache.catalina.startup.VersionLoggerListener.log Command line argument: -Djava.io.tmpdir=/usr/local/tomcat/temp
08-Jan-2020 11:19:56.501 INFO [main] org.apache.catalina.core.AprLifecycleListener.lifecycleEvent Loaded APR based Apache Tomcat Native library [1.2.23] using APR version [1.5.2].
08-Jan-2020 11:19:56.501 INFO [main] org.apache.catalina.core.AprLifecycleListener.lifecycleEvent APR capabilities: IPv6 [true], sendfile [true], accept filters [false], random [true].
08-Jan-2020 11:19:56.501 INFO [main] org.apache.catalina.core.AprLifecycleListener.lifecycleEvent APR/OpenSSL configuration: useAprConnector [false], useOpenSSL [true]
08-Jan-2020 11:19:56.505 INFO [main] org.apache.catalina.core.AprLifecycleListener.initializeSSL OpenSSL successfully initialized [OpenSSL 1.1.0l  10 Sep 2019]
08-Jan-2020 11:19:56.616 INFO [main] org.apache.coyote.AbstractProtocol.init Initializing ProtocolHandler ["http-nio-8080"]
08-Jan-2020 11:19:56.629 INFO [main] org.apache.tomcat.util.net.NioSelectorPool.getSharedSelector Using a shared selector for servlet write/read
08-Jan-2020 11:19:56.645 INFO [main] org.apache.coyote.AbstractProtocol.init Initializing ProtocolHandler ["ajp-nio-8009"]
08-Jan-2020 11:19:56.646 INFO [main] org.apache.tomcat.util.net.NioSelectorPool.getSharedSelector Using a shared selector for servlet write/read
08-Jan-2020 11:19:56.647 INFO [main] org.apache.catalina.startup.Catalina.load Initialization processed in 658 ms
08-Jan-2020 11:19:56.689 INFO [main] org.apache.catalina.core.StandardService.startInternal Starting service [Catalina]
08-Jan-2020 11:19:56.691 INFO [main] org.apache.catalina.core.StandardEngine.startInternal Starting Servlet Engine: Apache Tomcat/8.5.50
08-Jan-2020 11:19:56.820 INFO [localhost-startStop-1] org.apache.catalina.startup.HostConfig.deployWAR Deploying web application archive [/usr/local/tomcat/webapps/mall-1.0-SNAPSHOT.war]
08-Jan-2020 11:20:22.003 INFO [localhost-startStop-1] org.apache.catalina.startup.HostConfig.deployWAR Deployment of web application archive [/usr/local/tomcat/webapps/mall-1.0-SNAPSHOT.war] has finished in [25,183] ms
08-Jan-2020 11:20:22.008 INFO [main] org.apache.coyote.AbstractProtocol.start Starting ProtocolHandler ["http-nio-8080"]
08-Jan-2020 11:20:22.022 INFO [main] org.apache.coyote.AbstractProtocol.start Starting ProtocolHandler ["ajp-nio-8009"]
08-Jan-2020 11:20:22.087 INFO [main] org.apache.catalina.startup.Catalina.start Server startup in 25440 ms
08-Jan-2020 11:21:37.138 INFO [Thread-7] org.apache.coyote.AbstractProtocol.pause Pausing ProtocolHandler ["http-nio-8080"]
08-Jan-2020 11:21:37.142 INFO [Thread-7] org.apache.coyote.AbstractProtocol.pause Pausing ProtocolHandler ["ajp-nio-8009"]
08-Jan-2020 11:21:37.148 INFO [Thread-7] org.apache.catalina.core.StandardService.stopInternal Stopping service [Catalina]
08-Jan-2020 11:21:37.416 WARNING [localhost-startStop-2] org.apache.catalina.loader.WebappClassLoaderBase.clearReferencesJdbc The web application [mall-1.0-SNAPSHOT] registered the JDBC driver [com.alibaba.druid.proxy.DruidDriver] but failed to unregister it when the web application was stopped. To prevent a memory leak, the JDBC Driver has been forcibly unregistered.
08-Jan-2020 11:21:37.417 WARNING [localhost-startStop-2] org.apache.catalina.loader.WebappClassLoaderBase.clearReferencesJdbc The web application [mall-1.0-SNAPSHOT] registered the JDBC driver [com.mysql.jdbc.Driver] but failed to unregister it when the web application was stopped. To prevent a memory leak, the JDBC Driver has been forcibly unregistered.
08-Jan-2020 11:21:37.418 WARNING [localhost-startStop-2] org.apache.catalina.loader.WebappClassLoaderBase.clearReferencesThreads The web application [mall-1.0-SNAPSHOT] appears to have started a thread named [Abandoned connection cleanup thread] but has failed to stop it. This is very likely to create a memory leak. Stack trace of thread:
 java.lang.Object.wait(Native Method)
 java.lang.ref.ReferenceQueue.remove(ReferenceQueue.java:144)
 com.mysql.jdbc.AbandonedConnectionCleanupThread.run(AbandonedConnectionCleanupThread.java:64)
 java.util.concurrent.ThreadPoolExecutor.runWorker(ThreadPoolExecutor.java:1149)
 java.util.concurrent.ThreadPoolExecutor$Worker.run(ThreadPoolExecutor.java:624)
 java.lang.Thread.run(Thread.java:748)
08-Jan-2020 11:21:37.439 INFO [Thread-7] org.apache.coyote.AbstractProtocol.stop Stopping ProtocolHandler ["http-nio-8080"]
08-Jan-2020 11:21:37.441 INFO [Thread-7] org.apache.coyote.AbstractProtocol.stop Stopping ProtocolHandler ["ajp-nio-8009"]
08-Jan-2020 11:21:37.442 INFO [Thread-7] org.apache.coyote.AbstractProtocol.destroy Destroying ProtocolHandler ["http-nio-8080"]
08-Jan-2020 11:21:37.444 INFO [Thread-7] org.apache.coyote.AbstractProtocol.destroy Destroying ProtocolHandler ["ajp-nio-8009"]
08-Jan-2020 11:27:02.811 INFO [main] org.apache.catalina.startup.VersionLoggerListener.log Server version name:   Apache Tomcat/8.5.50
08-Jan-2020 11:27:02.813 INFO [main] org.apache.catalina.startup.VersionLoggerListener.log Server built:          Dec 7 2019 19:19:46 UTC
08-Jan-2020 11:27:02.813 INFO [main] org.apache.catalina.startup.VersionLoggerListener.log Server version number: 8.5.50.0
08-Jan-2020 11:27:02.814 INFO [main] org.apache.catalina.startup.VersionLoggerListener.log OS Name:               Linux
08-Jan-2020 11:27:02.814 INFO [main] org.apache.catalina.startup.VersionLoggerListener.log OS Version:            4.9.184-linuxkit
08-Jan-2020 11:27:02.814 INFO [main] org.apache.catalina.startup.VersionLoggerListener.log Architecture:          amd64
08-Jan-2020 11:27:02.814 INFO [main] org.apache.catalina.startup.VersionLoggerListener.log Java Home:             /usr/local/openjdk-8/jre
08-Jan-2020 11:27:02.815 INFO [main] org.apache.catalina.startup.VersionLoggerListener.log JVM Version:           1.8.0_232-b09
08-Jan-2020 11:27:02.815 INFO [main] org.apache.catalina.startup.VersionLoggerListener.log JVM Vendor:            Oracle Corporation
08-Jan-2020 11:27:02.816 INFO [main] org.apache.catalina.startup.VersionLoggerListener.log CATALINA_BASE:         /usr/local/tomcat
08-Jan-2020 11:27:02.816 INFO [main] org.apache.catalina.startup.VersionLoggerListener.log CATALINA_HOME:         /usr/local/tomcat
08-Jan-2020 11:27:02.816 INFO [main] org.apache.catalina.startup.VersionLoggerListener.log Command line argument: -Djava.util.logging.config.file=/usr/local/tomcat/conf/logging.properties
08-Jan-2020 11:27:02.817 INFO [main] org.apache.catalina.startup.VersionLoggerListener.log Command line argument: -Djava.util.logging.manager=org.apache.juli.ClassLoaderLogManager
08-Jan-2020 11:27:02.817 INFO [main] org.apache.catalina.startup.VersionLoggerListener.log Command line argument: -Djdk.tls.ephemeralDHKeySize=2048
08-Jan-2020 11:27:02.817 INFO [main] org.apache.catalina.startup.VersionLoggerListener.log Command line argument: -Djava.protocol.handler.pkgs=org.apache.catalina.webresources
08-Jan-2020 11:27:02.818 INFO [main] org.apache.catalina.startup.VersionLoggerListener.log Command line argument: -Dorg.apache.catalina.security.SecurityListener.UMASK=0027
08-Jan-2020 11:27:02.818 INFO [main] org.apache.catalina.startup.VersionLoggerListener.log Command line argument: -Dignore.endorsed.dirs=
08-Jan-2020 11:27:02.818 INFO [main] org.apache.catalina.startup.VersionLoggerListener.log Command line argument: -Dcatalina.base=/usr/local/tomcat
08-Jan-2020 11:27:02.818 INFO [main] org.apache.catalina.startup.VersionLoggerListener.log Command line argument: -Dcatalina.home=/usr/local/tomcat
08-Jan-2020 11:27:02.819 INFO [main] org.apache.catalina.startup.VersionLoggerListener.log Command line argument: -Djava.io.tmpdir=/usr/local/tomcat/temp
08-Jan-2020 11:27:02.819 INFO [main] org.apache.catalina.core.AprLifecycleListener.lifecycleEvent Loaded APR based Apache Tomcat Native library [1.2.23] using APR version [1.5.2].
08-Jan-2020 11:27:02.819 INFO [main] org.apache.catalina.core.AprLifecycleListener.lifecycleEvent APR capabilities: IPv6 [true], sendfile [true], accept filters [false], random [true].
08-Jan-2020 11:27:02.820 INFO [main] org.apache.catalina.core.AprLifecycleListener.lifecycleEvent APR/OpenSSL configuration: useAprConnector [false], useOpenSSL [true]
08-Jan-2020 11:27:02.828 INFO [main] org.apache.catalina.core.AprLifecycleListener.initializeSSL OpenSSL successfully initialized [OpenSSL 1.1.0l  10 Sep 2019]
08-Jan-2020 11:27:03.012 INFO [main] org.apache.coyote.AbstractProtocol.init Initializing ProtocolHandler ["http-nio-8080"]
08-Jan-2020 11:27:03.030 INFO [main] org.apache.tomcat.util.net.NioSelectorPool.getSharedSelector Using a shared selector for servlet write/read
08-Jan-2020 11:27:03.047 INFO [main] org.apache.coyote.AbstractProtocol.init Initializing ProtocolHandler ["ajp-nio-8009"]
08-Jan-2020 11:27:03.049 INFO [main] org.apache.tomcat.util.net.NioSelectorPool.getSharedSelector Using a shared selector for servlet write/read
08-Jan-2020 11:27:03.050 INFO [main] org.apache.catalina.startup.Catalina.load Initialization processed in 798 ms
08-Jan-2020 11:27:03.080 INFO [main] org.apache.catalina.core.StandardService.startInternal Starting service [Catalina]
08-Jan-2020 11:27:03.081 INFO [main] org.apache.catalina.core.StandardEngine.startInternal Starting Servlet Engine: Apache Tomcat/8.5.50
08-Jan-2020 11:27:03.115 INFO [localhost-startStop-1] org.apache.catalina.startup.HostConfig.deployWAR Deploying web application archive [/usr/local/tomcat/webapps/mall-1.0-SNAPSHOT.war]
08-Jan-2020 11:27:24.519 INFO [localhost-startStop-1] org.apache.catalina.startup.HostConfig.deployWAR Deployment of web application archive [/usr/local/tomcat/webapps/mall-1.0-SNAPSHOT.war] has finished in [21,403] ms
08-Jan-2020 11:27:24.528 INFO [main] org.apache.coyote.AbstractProtocol.start Starting ProtocolHandler ["http-nio-8080"]
08-Jan-2020 11:27:24.537 INFO [main] org.apache.coyote.AbstractProtocol.start Starting ProtocolHandler ["ajp-nio-8009"]
08-Jan-2020 11:27:24.539 INFO [main] org.apache.catalina.startup.Catalina.start Server startup in 21488 ms
08-Jan-2020 11:32:52.673 INFO [Thread-7] org.apache.coyote.AbstractProtocol.pause Pausing ProtocolHandler ["http-nio-8080"]
08-Jan-2020 11:32:52.687 INFO [Thread-7] org.apache.coyote.AbstractProtocol.pause Pausing ProtocolHandler ["ajp-nio-8009"]
08-Jan-2020 11:32:52.688 INFO [Thread-7] org.apache.catalina.core.StandardService.stopInternal Stopping service [Catalina]
08-Jan-2020 11:32:52.979 INFO [Thread-7] org.apache.coyote.AbstractProtocol.stop Stopping ProtocolHandler ["http-nio-8080"]
08-Jan-2020 11:32:52.981 INFO [Thread-7] org.apache.coyote.AbstractProtocol.stop Stopping ProtocolHandler ["ajp-nio-8009"]
08-Jan-2020 11:32:52.984 INFO [Thread-7] org.apache.coyote.AbstractProtocol.destroy Destroying ProtocolHandler ["http-nio-8080"]
08-Jan-2020 11:32:52.984 INFO [Thread-7] org.apache.coyote.AbstractProtocol.destroy Destroying ProtocolHandler ["ajp-nio-8009"]
08-Jan-2020 11:37:32.898 INFO [main] org.apache.catalina.startup.VersionLoggerListener.log Server version name:   Apache Tomcat/8.5.50
08-Jan-2020 11:37:32.900 INFO [main] org.apache.catalina.startup.VersionLoggerListener.log Server built:          Dec 7 2019 19:19:46 UTC
08-Jan-2020 11:37:32.900 INFO [main] org.apache.catalina.startup.VersionLoggerListener.log Server version number: 8.5.50.0
08-Jan-2020 11:37:32.901 INFO [main] org.apache.catalina.startup.VersionLoggerListener.log OS Name:               Linux
08-Jan-2020 11:37:32.901 INFO [main] org.apache.catalina.startup.VersionLoggerListener.log OS Version:            4.9.184-linuxkit
08-Jan-2020 11:37:32.901 INFO [main] org.apache.catalina.startup.VersionLoggerListener.log Architecture:          amd64
08-Jan-2020 11:37:32.901 INFO [main] org.apache.catalina.startup.VersionLoggerListener.log Java Home:             /usr/local/openjdk-8/jre
08-Jan-2020 11:37:32.901 INFO [main] org.apache.catalina.startup.VersionLoggerListener.log JVM Version:           1.8.0_232-b09
08-Jan-2020 11:37:32.901 INFO [main] org.apache.catalina.startup.VersionLoggerListener.log JVM Vendor:            Oracle Corporation
08-Jan-2020 11:37:32.902 INFO [main] org.apache.catalina.startup.VersionLoggerListener.log CATALINA_BASE:         /usr/local/tomcat
08-Jan-2020 11:37:32.902 INFO [main] org.apache.catalina.startup.VersionLoggerListener.log CATALINA_HOME:         /usr/local/tomcat
08-Jan-2020 11:37:32.903 INFO [main] org.apache.catalina.startup.VersionLoggerListener.log Command line argument: -Djava.util.logging.config.file=/usr/local/tomcat/conf/logging.properties
08-Jan-2020 11:37:32.903 INFO [main] org.apache.catalina.startup.VersionLoggerListener.log Command line argument: -Djava.util.logging.manager=org.apache.juli.ClassLoaderLogManager
08-Jan-2020 11:37:32.903 INFO [main] org.apache.catalina.startup.VersionLoggerListener.log Command line argument: -Djdk.tls.ephemeralDHKeySize=2048
08-Jan-2020 11:37:32.903 INFO [main] org.apache.catalina.startup.VersionLoggerListener.log Command line argument: -Djava.protocol.handler.pkgs=org.apache.catalina.webresources
08-Jan-2020 11:37:32.904 INFO [main] org.apache.catalina.startup.VersionLoggerListener.log Command line argument: -Dorg.apache.catalina.security.SecurityListener.UMASK=0027
08-Jan-2020 11:37:32.904 INFO [main] org.apache.catalina.startup.VersionLoggerListener.log Command line argument: -Dignore.endorsed.dirs=
08-Jan-2020 11:37:32.904 INFO [main] org.apache.catalina.startup.VersionLoggerListener.log Command line argument: -Dcatalina.base=/usr/local/tomcat
08-Jan-2020 11:37:32.904 INFO [main] org.apache.catalina.startup.VersionLoggerListener.log Command line argument: -Dcatalina.home=/usr/local/tomcat
08-Jan-2020 11:37:32.905 INFO [main] org.apache.catalina.startup.VersionLoggerListener.log Command line argument: -Djava.io.tmpdir=/usr/local/tomcat/temp
08-Jan-2020 11:37:32.905 INFO [main] org.apache.catalina.core.AprLifecycleListener.lifecycleEvent Loaded APR based Apache Tomcat Native library [1.2.23] using APR version [1.5.2].
08-Jan-2020 11:37:32.905 INFO [main] org.apache.catalina.core.AprLifecycleListener.lifecycleEvent APR capabilities: IPv6 [true], sendfile [true], accept filters [false], random [true].
08-Jan-2020 11:37:32.905 INFO [main] org.apache.catalina.core.AprLifecycleListener.lifecycleEvent APR/OpenSSL configuration: useAprConnector [false], useOpenSSL [true]
08-Jan-2020 11:37:32.909 INFO [main] org.apache.catalina.core.AprLifecycleListener.initializeSSL OpenSSL successfully initialized [OpenSSL 1.1.0l  10 Sep 2019]
08-Jan-2020 11:37:33.027 INFO [main] org.apache.coyote.AbstractProtocol.init Initializing ProtocolHandler ["http-nio-8080"]
08-Jan-2020 11:37:33.041 INFO [main] org.apache.tomcat.util.net.NioSelectorPool.getSharedSelector Using a shared selector for servlet write/read
08-Jan-2020 11:37:33.054 INFO [main] org.apache.coyote.AbstractProtocol.init Initializing ProtocolHandler ["ajp-nio-8009"]
08-Jan-2020 11:37:33.055 INFO [main] org.apache.tomcat.util.net.NioSelectorPool.getSharedSelector Using a shared selector for servlet write/read
08-Jan-2020 11:37:33.056 INFO [main] org.apache.catalina.startup.Catalina.load Initialization processed in 634 ms
08-Jan-2020 11:37:33.092 INFO [main] org.apache.catalina.core.StandardService.startInternal Starting service [Catalina]
08-Jan-2020 11:37:33.096 INFO [main] org.apache.catalina.core.StandardEngine.startInternal Starting Servlet Engine: Apache Tomcat/8.5.50
08-Jan-2020 11:37:33.137 INFO [localhost-startStop-1] org.apache.catalina.startup.HostConfig.deployWAR Deploying web application archive [/usr/local/tomcat/webapps/mall-1.0-SNAPSHOT.war]
08-Jan-2020 11:37:53.373 INFO [localhost-startStop-1] org.apache.catalina.startup.HostConfig.deployWAR Deployment of web application archive [/usr/local/tomcat/webapps/mall-1.0-SNAPSHOT.war] has finished in [20,235] ms
08-Jan-2020 11:37:53.381 INFO [main] org.apache.coyote.AbstractProtocol.start Starting ProtocolHandler ["http-nio-8080"]
08-Jan-2020 11:37:53.394 INFO [main] org.apache.coyote.AbstractProtocol.start Starting ProtocolHandler ["ajp-nio-8009"]
08-Jan-2020 11:37:53.397 INFO [main] org.apache.catalina.startup.Catalina.start Server startup in 20340 ms
08-Jan-2020 11:38:15.784 INFO [Thread-7] org.apache.coyote.AbstractProtocol.pause Pausing ProtocolHandler ["http-nio-8080"]
08-Jan-2020 11:38:15.802 INFO [Thread-7] org.apache.coyote.AbstractProtocol.pause Pausing ProtocolHandler ["ajp-nio-8009"]
08-Jan-2020 11:38:15.808 INFO [Thread-7] org.apache.catalina.core.StandardService.stopInternal Stopping service [Catalina]
08-Jan-2020 11:38:16.095 INFO [Thread-7] org.apache.coyote.AbstractProtocol.stop Stopping ProtocolHandler ["http-nio-8080"]
08-Jan-2020 11:38:16.098 INFO [Thread-7] org.apache.coyote.AbstractProtocol.stop Stopping ProtocolHandler ["ajp-nio-8009"]
08-Jan-2020 11:38:16.101 INFO [Thread-7] org.apache.coyote.AbstractProtocol.destroy Destroying ProtocolHandler ["http-nio-8080"]
08-Jan-2020 11:38:16.102 INFO [Thread-7] org.apache.coyote.AbstractProtocol.destroy Destroying ProtocolHandler ["ajp-nio-8009"]
08-Jan-2020 11:38:26.738 INFO [main] org.apache.catalina.startup.VersionLoggerListener.log Server version name:   Apache Tomcat/8.5.50
08-Jan-2020 11:38:26.741 INFO [main] org.apache.catalina.startup.VersionLoggerListener.log Server built:          Dec 7 2019 19:19:46 UTC
08-Jan-2020 11:38:26.741 INFO [main] org.apache.catalina.startup.VersionLoggerListener.log Server version number: 8.5.50.0
08-Jan-2020 11:38:26.741 INFO [main] org.apache.catalina.startup.VersionLoggerListener.log OS Name:               Linux
08-Jan-2020 11:38:26.741 INFO [main] org.apache.catalina.startup.VersionLoggerListener.log OS Version:            4.9.184-linuxkit
08-Jan-2020 11:38:26.741 INFO [main] org.apache.catalina.startup.VersionLoggerListener.log Architecture:          amd64
08-Jan-2020 11:38:26.741 INFO [main] org.apache.catalina.startup.VersionLoggerListener.log Java Home:             /usr/local/openjdk-8/jre
08-Jan-2020 11:38:26.741 INFO [main] org.apache.catalina.startup.VersionLoggerListener.log JVM Version:           1.8.0_232-b09
08-Jan-2020 11:38:26.741 INFO [main] org.apache.catalina.startup.VersionLoggerListener.log JVM Vendor:            Oracle Corporation
08-Jan-2020 11:38:26.741 INFO [main] org.apache.catalina.startup.VersionLoggerListener.log CATALINA_BASE:         /usr/local/tomcat
08-Jan-2020 11:38:26.742 INFO [main] org.apache.catalina.startup.VersionLoggerListener.log CATALINA_HOME:         /usr/local/tomcat
08-Jan-2020 11:38:26.742 INFO [main] org.apache.catalina.startup.VersionLoggerListener.log Command line argument: -Djava.util.logging.config.file=/usr/local/tomcat/conf/logging.properties
08-Jan-2020 11:38:26.742 INFO [main] org.apache.catalina.startup.VersionLoggerListener.log Command line argument: -Djava.util.logging.manager=org.apache.juli.ClassLoaderLogManager
08-Jan-2020 11:38:26.742 INFO [main] org.apache.catalina.startup.VersionLoggerListener.log Command line argument: -Djdk.tls.ephemeralDHKeySize=2048
08-Jan-2020 11:38:26.742 INFO [main] org.apache.catalina.startup.VersionLoggerListener.log Command line argument: -Djava.protocol.handler.pkgs=org.apache.catalina.webresources
08-Jan-2020 11:38:26.742 INFO [main] org.apache.catalina.startup.VersionLoggerListener.log Command line argument: -Dorg.apache.catalina.security.SecurityListener.UMASK=0027
08-Jan-2020 11:38:26.742 INFO [main] org.apache.catalina.startup.VersionLoggerListener.log Command line argument: -Dignore.endorsed.dirs=
08-Jan-2020 11:38:26.743 INFO [main] org.apache.catalina.startup.VersionLoggerListener.log Command line argument: -Dcatalina.base=/usr/local/tomcat
08-Jan-2020 11:38:26.743 INFO [main] org.apache.catalina.startup.VersionLoggerListener.log Command line argument: -Dcatalina.home=/usr/local/tomcat
08-Jan-2020 11:38:26.743 INFO [main] org.apache.catalina.startup.VersionLoggerListener.log Command line argument: -Djava.io.tmpdir=/usr/local/tomcat/temp
08-Jan-2020 11:38:26.743 INFO [main] org.apache.catalina.core.AprLifecycleListener.lifecycleEvent Loaded APR based Apache Tomcat Native library [1.2.23] using APR version [1.5.2].
08-Jan-2020 11:38:26.743 INFO [main] org.apache.catalina.core.AprLifecycleListener.lifecycleEvent APR capabilities: IPv6 [true], sendfile [true], accept filters [false], random [true].
08-Jan-2020 11:38:26.744 INFO [main] org.apache.catalina.core.AprLifecycleListener.lifecycleEvent APR/OpenSSL configuration: useAprConnector [false], useOpenSSL [true]
08-Jan-2020 11:38:26.760 INFO [main] org.apache.catalina.core.AprLifecycleListener.initializeSSL OpenSSL successfully initialized [OpenSSL 1.1.0l  10 Sep 2019]
08-Jan-2020 11:38:26.916 INFO [main] org.apache.coyote.AbstractProtocol.init Initializing ProtocolHandler ["http-nio-8080"]
08-Jan-2020 11:38:26.962 INFO [main] org.apache.tomcat.util.net.NioSelectorPool.getSharedSelector Using a shared selector for servlet write/read
08-Jan-2020 11:38:26.986 INFO [main] org.apache.coyote.AbstractProtocol.init Initializing ProtocolHandler ["ajp-nio-8009"]
08-Jan-2020 11:38:26.988 INFO [main] org.apache.tomcat.util.net.NioSelectorPool.getSharedSelector Using a shared selector for servlet write/read
08-Jan-2020 11:38:26.989 INFO [main] org.apache.catalina.startup.Catalina.load Initialization processed in 776 ms
08-Jan-2020 11:38:27.054 INFO [main] org.apache.catalina.core.StandardService.startInternal Starting service [Catalina]
08-Jan-2020 11:38:27.058 INFO [main] org.apache.catalina.core.StandardEngine.startInternal Starting Servlet Engine: Apache Tomcat/8.5.50
08-Jan-2020 11:38:27.097 INFO [localhost-startStop-1] org.apache.catalina.startup.HostConfig.deployWAR Deploying web application archive [/usr/local/tomcat/webapps/mall-1.0-SNAPSHOT.war]
08-Jan-2020 11:38:50.001 INFO [localhost-startStop-1] org.apache.catalina.startup.HostConfig.deployWAR Deployment of web application archive [/usr/local/tomcat/webapps/mall-1.0-SNAPSHOT.war] has finished in [22,903] ms
08-Jan-2020 11:38:50.007 INFO [main] org.apache.coyote.AbstractProtocol.start Starting ProtocolHandler ["http-nio-8080"]
08-Jan-2020 11:38:50.020 INFO [main] org.apache.coyote.AbstractProtocol.start Starting ProtocolHandler ["ajp-nio-8009"]
08-Jan-2020 11:38:50.053 INFO [main] org.apache.catalina.startup.Catalina.start Server startup in 23063 ms
